<?xml version="1.0" encoding="UTF-8"?>
<testng-results ignored="0" total="1" passed="1" failed="0" skipped="0">
  <reporter-output>
  </reporter-output>
  <suite started-at="2020-03-25T13:27:15 EET" name="testRunner.TestRunner" finished-at="2020-03-25T13:27:39 EET" duration-ms="24100">
    <groups>
      <group name="cucumber">
        <method signature="AbstractTestNGCucumberTests.runScenario(io.cucumber.testng.PickleWrapper, io.cucumber.testng.FeatureWrapper)[pri:0, instance:testRunner.TestRunner@2fd66ad3]" name="runScenario" class="io.cucumber.testng.AbstractTestNGCucumberTests"/>
      </group> <!-- cucumber -->
    </groups>
    <test started-at="2020-03-25T13:27:15 EET" name="Command line test" finished-at="2020-03-25T13:27:39 EET" duration-ms="24100">
      <class name="testRunner.TestRunner">
        <test-method is-config="true" signature="setUpClass()[pri:0, instance:testRunner.TestRunner@2fd66ad3]" started-at="2020-03-25T13:27:15 EET" name="setUpClass" finished-at="2020-03-25T13:27:15 EET" duration-ms="173" status="PASS">
          <reporter-output>
          </reporter-output>
        </test-method> <!-- setUpClass -->
        <test-method signature="runScenario(io.cucumber.testng.PickleWrapper, io.cucumber.testng.FeatureWrapper)[pri:0, instance:testRunner.TestRunner@2fd66ad3]" started-at="2020-03-25T13:27:15 EET" name="runScenario" description="Runs Cucumber Scenarios" data-provider="scenarios" finished-at="2020-03-25T13:27:39 EET" duration-ms="23871" status="PASS">
          <params>
            <param index="0">
              <value>
                <![CDATA["User navigates to privacy policy page"]]>
              </value>
            </param>
            <param index="1">
              <value>
                <![CDATA["Registration Form"]]>
              </value>
            </param>
          </params>
          <reporter-output>
          </reporter-output>
        </test-method> <!-- runScenario -->
        <test-method is-config="true" signature="tearDownClass()[pri:0, instance:testRunner.TestRunner@2fd66ad3]" started-at="2020-03-25T13:27:39 EET" name="tearDownClass" finished-at="2020-03-25T13:27:39 EET" duration-ms="36" status="PASS">
          <reporter-output>
          </reporter-output>
        </test-method> <!-- tearDownClass -->
      </class> <!-- testRunner.TestRunner -->
    </test> <!-- Command line test -->
  </suite> <!-- testRunner.TestRunner -->
</testng-results>
